<?xml version="1.0" encoding="UTF-8"?>
<!-- Generated by org.testng.reporters.JUnitReportReporter -->
<testsuite skipped="0" hostname="BDC4-D-1S82N62" name="samplep.ubs.testDemoWebShopLogin" tests="5" failures="0" timestamp="08 Feb 2019 09:38:25 GMT" time="154.976" errors="0">
  <testcase name="testDemoWebShopLogin" time="33.659" classname="samplep.ubs.testDemoWebShopLogin"/>
  <testcase name="testDemoWebShopLogin" time="24.848" classname="samplep.ubs.testDemoWebShopLogin"/>
  <testcase name="testDemoWebShopLogin" time="41.863" classname="samplep.ubs.testDemoWebShopLogin"/>
  <testcase name="testDemoWebShopLogin" time="25.167" classname="samplep.ubs.testDemoWebShopLogin"/>
  <testcase name="testDemoWebShopLogin" time="29.439" classname="samplep.ubs.testDemoWebShopLogin"/>
</testsuite> <!-- samplep.ubs.testDemoWebShopLogin -->
