<?xml version="1.0" encoding="UTF-8"?>
<!-- Generated by org.testng.reporters.JUnitReportReporter -->
<testsuite skipped="0" hostname="BDC4-D-1S82N62" name="samplep.ubs.GroupsTest" tests="1" failures="0" timestamp="08 Feb 2019 09:59:05 GMT" time="29.173" errors="0">
  <testcase name="testAJAX" time="29.173" classname="samplep.ubs.GroupsTest"/>
</testsuite> <!-- samplep.ubs.GroupsTest -->
